This is pdfTeX, Version 3.1415926-2.4-1.40.13 (MiKTeX 2.9 64-bit) (preloaded format=pdflatex 2014.6.22)  24 NOV 2015 21:49
entering extended mode
**C:/Users/Eric/OneDrive/Documents/Senior*Design/crowdify/scu-thesis/master.tex

("C:/Users/Eric/OneDrive/Documents/Senior Design/crowdify/scu-thesis/master.tex
"
LaTeX2e <2011/06/27>
Babel <v3.8m> and hyphenation patterns for english, afrikaans, ancientgreek, ar
abic, armenian, assamese, basque, bengali, bokmal, bulgarian, catalan, coptic, 
croatian, czech, danish, dutch, esperanto, estonian, farsi, finnish, french, ga
lician, german, german-x-2012-05-30, greek, gujarati, hindi, hungarian, iceland
ic, indonesian, interlingua, irish, italian, kannada, kurmanji, latin, latvian,
 lithuanian, malayalam, marathi, mongolian, mongolianlmc, monogreek, ngerman, n
german-x-2012-05-30, nynorsk, oriya, panjabi, pinyin, polish, portuguese, roman
ian, russian, sanskrit, serbian, slovak, slovenian, spanish, swedish, swissgerm
an, tamil, telugu, turkish, turkmen, ukenglish, ukrainian, uppersorbian, usengl
ishmax, welsh, loaded.

("C:\Users\Eric\OneDrive\Documents\Senior Design\crowdify\scu-thesis\scu-thesis
.cls"
Document Class: scu-thesis 2013/10/01 SCU Thesis class
("C:\Program Files\MiKTeX 2.9\tex\latex\base\report.cls"
Document Class: report 2007/10/19 v1.4h Standard LaTeX document class
("C:\Program Files\MiKTeX 2.9\tex\latex\base\size10.clo"
File: size10.clo 2007/10/19 v1.4h Standard LaTeX file (size option)
)
\c@part=\count79
\c@chapter=\count80
\c@section=\count81
\c@subsection=\count82
\c@subsubsection=\count83
\c@paragraph=\count84
\c@subparagraph=\count85
\c@figure=\count86
\c@table=\count87
\abovecaptionskip=\skip41
\belowcaptionskip=\skip42
\bibindent=\dimen102
)
("C:\Program Files\MiKTeX 2.9\tex\latex\setspace\setspace.sty"
Package: setspace 2011/12/19 v6.7a set line spacing
)
\@margintop=\skip43
\@marginbottom=\skip44
\@marginleft=\skip45
\@marginright=\skip46
\@bindingoffset=\skip47
\c@@authorcount=\count88
\c@@degreecount=\count89
\c@@departmentcount=\count90
\c@@itemcount=\count91
)
("C:\Users\Eric\OneDrive\Documents\Senior Design\crowdify\scu-thesis\master.aux
"
("C:\Users\Eric\OneDrive\Documents\Senior Design\crowdify\scu-thesis\abstract.a
ux")
("C:\Users\Eric\OneDrive\Documents\Senior Design\crowdify\scu-thesis\introducti
on.aux"))
LaTeX Font Info:    Checking defaults for OML/cmm/m/it on input line 26.
LaTeX Font Info:    ... okay on input line 26.
LaTeX Font Info:    Checking defaults for T1/cmr/m/n on input line 26.
LaTeX Font Info:    ... okay on input line 26.
LaTeX Font Info:    Checking defaults for OT1/cmr/m/n on input line 26.
LaTeX Font Info:    ... okay on input line 26.
LaTeX Font Info:    Checking defaults for OMS/cmsy/m/n on input line 26.
LaTeX Font Info:    ... okay on input line 26.
LaTeX Font Info:    Checking defaults for OMX/cmex/m/n on input line 26.
LaTeX Font Info:    ... okay on input line 26.
LaTeX Font Info:    Checking defaults for U/cmr/m/n on input line 26.
LaTeX Font Info:    ... okay on input line 26.
LaTeX Font Info:    External font `cmex10' loaded for size
(Font)              <7> on input line 27.
LaTeX Font Info:    External font `cmex10' loaded for size
(Font)              <5> on input line 27.
 [1


{C:/ProgramData/MiKTeX/2.9/pdftex/config/pdftex.map}] [2]
("C:\Users\Eric\OneDrive\Documents\Senior Design\crowdify\scu-thesis\abstract.t
ex" [3

])
("C:\Users\Eric\OneDrive\Documents\Senior Design\crowdify\scu-thesis\master.toc
")
\tf@toc=\write3
 [4


]
("C:\Users\Eric\OneDrive\Documents\Senior Design\crowdify\scu-thesis\master.lof
")
\tf@lof=\write4
 [5

]
("C:\Users\Eric\OneDrive\Documents\Senior Design\crowdify\scu-thesis\introducti
on.tex"
Chapter 1.
Missing character: There is no â in font cmr10!
Missing character: There is no € in font cmr10!
Missing character: There is no ™ in font cmr10!
[1



]) [2]
("C:\Users\Eric\OneDrive\Documents\Senior Design\crowdify\scu-thesis\master.bbl
"
Underfull \hbox (badness 10000) in paragraph at lines 13--14
[]\OT1/cmr/m/n/10 http://www.rightscale.com/blog/cloud-industry-insights/amazon
-ec2-outage-summary-and-
 []


Underfull \hbox (badness 10000) in paragraph at lines 19--20
[]\OT1/cmr/m/n/10 http://www.theguardian.com/technology/2014/sep/01/naked-celeb
rity-hack-icloud-backup-
 []

) [3


]
("C:\Users\Eric\OneDrive\Documents\Senior Design\crowdify\scu-thesis\master.aux
"
("C:\Users\Eric\OneDrive\Documents\Senior Design\crowdify\scu-thesis\abstract.a
ux")
("C:\Users\Eric\OneDrive\Documents\Senior Design\crowdify\scu-thesis\introducti
on.aux")) ) 
Here is how much of TeX's memory you used:
 351 strings out of 493921
 5801 string characters out of 3147285
 54517 words of memory out of 3000000
 3696 multiletter control sequences out of 15000+200000
 5765 words of font info for 21 fonts, out of 3000000 for 9000
 841 hyphenation exceptions out of 8191
 29i,6n,19p,2042b,198s stack positions out of 5000i,500n,10000p,200000b,50000s
<C:/Program Files/MiKTeX 2.9/fonts/type1/public/amsfonts/cm/cmbx10.p
fb><C:/Program Files/MiKTeX 2.9/fonts/type1/public/amsfonts/cm/cmbx12.pfb><C:/P
rogram Files/MiKTeX 2.9/fonts/type1/public/amsfonts/cm/cmr10.pfb>
Output written on master.pdf (8 pages, 66241 bytes).
PDF statistics:
 41 PDF objects out of 1000 (max. 8388607)
 0 named destinations out of 1000 (max. 500000)
 1 words of extra memory for PDF output out of 10000 (max. 10000000)

